<?xml version="1.0" encoding="UTF-8"?>
<testng-results skipped="0" failed="1" ignored="0" total="1" passed="0">
  <reporter-output>
  </reporter-output>
  <suite name="Default suite" duration-ms="12867" started-at="2022-03-01T07:18:58Z" finished-at="2022-03-01T07:19:11Z">
    <groups>
    </groups>
    <test name="Default test" duration-ms="12867" started-at="2022-03-01T07:18:58Z" finished-at="2022-03-01T07:19:11Z">
      <class name="february2022.Tugas4.AppTestPageFactory">
        <test-method status="PASS" signature="createChromeDriver()[pri:0, instance:february2022.Tugas4.AppTestPageFactory@6a6afff2]" name="createChromeDriver" is-config="true" duration-ms="9762" started-at="2022-03-01T07:18:58Z" finished-at="2022-03-01T07:19:08Z">
          <reporter-output>
          </reporter-output>
        </test-method> <!-- createChromeDriver -->
        <test-method status="FAIL" signature="testEmail()[pri:0, instance:february2022.Tugas4.AppTestPageFactory@6a6afff2]" name="testEmail" duration-ms="2023" started-at="2022-03-01T07:19:08Z" finished-at="2022-03-01T07:19:10Z">
          <exception class="org.openqa.selenium.ElementNotInteractableException">
            <message>
              <![CDATA[element not interactable
  (Session info: chrome=98.0.4758.102)
Build info: version: '4.0.0-beta-3', revision: '5d108f9a67'
System info: host: 'IZAM', ip: '192.168.100.189', os.name: 'Windows 10', os.arch: 'amd64', os.version: '10.0', java.version: '1.8.0_251'
Driver info: org.openqa.selenium.chrome.ChromeDriver
Command: [1ca10eca9b4df917465469cf21acef58, clickElement {id=685f3fca-7a54-49cd-8403-4d9615c0bfcf}]
Capabilities {acceptInsecureCerts: false, browserName: chrome, browserVersion: 98.0.4758.102, chrome: {chromedriverVersion: 98.0.4758.102 (273bf7ac8c90..., userDataDir: C:\Users\izamm\AppData\Loca...}, goog:chromeOptions: {debuggerAddress: localhost:57547}, javascriptEnabled: true, networkConnectionEnabled: false, pageLoadStrategy: normal, platform: WINDOWS, platformName: WINDOWS, proxy: Proxy(), se:cdp: ws://localhost:57547/devtoo..., se:cdpVersion: 98.0.4758.102, setWindowRect: true, strictFileInteractability: false, timeouts: {implicit: 0, pageLoad: 300000, script: 30000}, unhandledPromptBehavior: dismiss and notify, webauthn:extension:credBlob: true, webauthn:extension:largeBlob: true, webauthn:virtualAuthenticators: true}
Element: [[ChromeDriver: chrome on WINDOWS (1ca10eca9b4df917465469cf21acef58)] -> tag name: i]
Session ID: 1ca10eca9b4df917465469cf21acef58]]>
            </message>
            <full-stacktrace>
              <![CDATA[org.openqa.selenium.ElementNotInteractableException: element not interactable
  (Session info: chrome=98.0.4758.102)
Build info: version: '4.0.0-beta-3', revision: '5d108f9a67'
System info: host: 'IZAM', ip: '192.168.100.189', os.name: 'Windows 10', os.arch: 'amd64', os.version: '10.0', java.version: '1.8.0_251'
Driver info: org.openqa.selenium.chrome.ChromeDriver
Command: [1ca10eca9b4df917465469cf21acef58, clickElement {id=685f3fca-7a54-49cd-8403-4d9615c0bfcf}]
Capabilities {acceptInsecureCerts: false, browserName: chrome, browserVersion: 98.0.4758.102, chrome: {chromedriverVersion: 98.0.4758.102 (273bf7ac8c90..., userDataDir: C:\Users\izamm\AppData\Loca...}, goog:chromeOptions: {debuggerAddress: localhost:57547}, javascriptEnabled: true, networkConnectionEnabled: false, pageLoadStrategy: normal, platform: WINDOWS, platformName: WINDOWS, proxy: Proxy(), se:cdp: ws://localhost:57547/devtoo..., se:cdpVersion: 98.0.4758.102, setWindowRect: true, strictFileInteractability: false, timeouts: {implicit: 0, pageLoad: 300000, script: 30000}, unhandledPromptBehavior: dismiss and notify, webauthn:extension:credBlob: true, webauthn:extension:largeBlob: true, webauthn:virtualAuthenticators: true}
Element: [[ChromeDriver: chrome on WINDOWS (1ca10eca9b4df917465469cf21acef58)] -> tag name: i]
Session ID: 1ca10eca9b4df917465469cf21acef58
at sun.reflect.NativeConstructorAccessorImpl.newInstance0(Native Method)
at sun.reflect.NativeConstructorAccessorImpl.newInstance(NativeConstructorAccessorImpl.java:62)
at sun.reflect.DelegatingConstructorAccessorImpl.newInstance(DelegatingConstructorAccessorImpl.java:45)
at java.lang.reflect.Constructor.newInstance(Constructor.java:423)
at org.openqa.selenium.remote.codec.w3c.W3CHttpResponseCodec.createException(W3CHttpResponseCodec.java:198)
at org.openqa.selenium.remote.codec.w3c.W3CHttpResponseCodec.decode(W3CHttpResponseCodec.java:131)
at org.openqa.selenium.remote.codec.w3c.W3CHttpResponseCodec.decode(W3CHttpResponseCodec.java:52)
at org.openqa.selenium.remote.HttpCommandExecutor.execute(HttpCommandExecutor.java:184)
at org.openqa.selenium.remote.service.DriverCommandExecutor.invokeExecute(DriverCommandExecutor.java:153)
at org.openqa.selenium.remote.service.DriverCommandExecutor.execute(DriverCommandExecutor.java:128)
at org.openqa.selenium.remote.RemoteWebDriver.execute(RemoteWebDriver.java:619)
at org.openqa.selenium.remote.RemoteWebElement.execute(RemoteWebElement.java:237)
at org.openqa.selenium.remote.RemoteWebElement.click(RemoteWebElement.java:75)
at sun.reflect.NativeMethodAccessorImpl.invoke0(Native Method)
at sun.reflect.NativeMethodAccessorImpl.invoke(NativeMethodAccessorImpl.java:62)
at sun.reflect.DelegatingMethodAccessorImpl.invoke(DelegatingMethodAccessorImpl.java:43)
at java.lang.reflect.Method.invoke(Method.java:498)
at org.openqa.selenium.support.pagefactory.internal.LocatingElementHandler.invoke(LocatingElementHandler.java:52)
at com.sun.proxy.$Proxy27.click(Unknown Source)
at february2022.pages.InboxPageFactory.clickprintBtn(InboxPageFactory.java:44)
at february2022.Tugas4.AppTestPageFactory.testEmail(AppTestPageFactory.java:23)
at sun.reflect.NativeMethodAccessorImpl.invoke0(Native Method)
at sun.reflect.NativeMethodAccessorImpl.invoke(NativeMethodAccessorImpl.java:62)
at sun.reflect.DelegatingMethodAccessorImpl.invoke(DelegatingMethodAccessorImpl.java:43)
at java.lang.reflect.Method.invoke(Method.java:498)
at org.testng.internal.MethodInvocationHelper.invokeMethod(MethodInvocationHelper.java:124)
at org.testng.internal.Invoker.invokeMethod(Invoker.java:583)
at org.testng.internal.Invoker.invokeTestMethod(Invoker.java:719)
at org.testng.internal.Invoker.invokeTestMethods(Invoker.java:989)
at org.testng.internal.TestMethodWorker.invokeTestMethods(TestMethodWorker.java:125)
at org.testng.internal.TestMethodWorker.run(TestMethodWorker.java:109)
at org.testng.TestRunner.privateRun(TestRunner.java:648)
at org.testng.TestRunner.run(TestRunner.java:505)
at org.testng.SuiteRunner.runTest(SuiteRunner.java:455)
at org.testng.SuiteRunner.runSequentially(SuiteRunner.java:450)
at org.testng.SuiteRunner.privateRun(SuiteRunner.java:415)
at org.testng.SuiteRunner.run(SuiteRunner.java:364)
at org.testng.SuiteRunnerWorker.runSuite(SuiteRunnerWorker.java:52)
at org.testng.SuiteRunnerWorker.run(SuiteRunnerWorker.java:84)
at org.testng.TestNG.runSuitesSequentially(TestNG.java:1208)
at org.testng.TestNG.runSuitesLocally(TestNG.java:1137)
at org.testng.TestNG.runSuites(TestNG.java:1049)
at org.testng.TestNG.run(TestNG.java:1017)
at org.testng.remote.AbstractRemoteTestNG.run(AbstractRemoteTestNG.java:115)
at org.testng.remote.RemoteTestNG.initAndRun(RemoteTestNG.java:251)
at org.testng.remote.RemoteTestNG.main(RemoteTestNG.java:77)
]]>
            </full-stacktrace>
          </exception> <!-- org.openqa.selenium.ElementNotInteractableException -->
          <reporter-output>
          </reporter-output>
        </test-method> <!-- testEmail -->
        <test-method status="PASS" signature="quitChromeDriver()[pri:0, instance:february2022.Tugas4.AppTestPageFactory@6a6afff2]" name="quitChromeDriver" is-config="true" duration-ms="733" started-at="2022-03-01T07:19:10Z" finished-at="2022-03-01T07:19:11Z">
          <reporter-output>
          </reporter-output>
        </test-method> <!-- quitChromeDriver -->
      </class> <!-- february2022.Tugas4.AppTestPageFactory -->
    </test> <!-- Default test -->
  </suite> <!-- Default suite -->
</testng-results>
