<?xml version="1.0" encoding="UTF-8"?>
<testng-results skipped="0" failed="0" ignored="0" total="1" passed="1">
  <reporter-output>
  </reporter-output>
  <suite name="Default suite" duration-ms="3505" started-at="2022-03-02T09:49:59Z" finished-at="2022-03-02T09:50:02Z">
    <groups>
    </groups>
    <test name="Default test" duration-ms="3505" started-at="2022-03-02T09:49:59Z" finished-at="2022-03-02T09:50:02Z">
      <class name="february2022.Tugas5.APITest">
        <test-method status="PASS" signature="Register()[pri:0, instance:february2022.Tugas5.APITest@66a53104]" name="Register" duration-ms="3286" started-at="2022-03-02T09:49:59Z" finished-at="2022-03-02T09:50:02Z">
          <reporter-output>
          </reporter-output>
        </test-method> <!-- Register -->
      </class> <!-- february2022.Tugas5.APITest -->
    </test> <!-- Default test -->
  </suite> <!-- Default suite -->
</testng-results>
